This is pdfTeX, Version 3.141592653-2.6-1.40.29 (TeX Live 2026) (preloaded format=pdflatex 2026.4.19)  12 JUN 2026 11:26
entering extended mode
 restricted \write18 enabled.
 %&-line parsing enabled.
**main.tex
(./main.tex
LaTeX2e <2025-11-01>
L3 programming layer <2026-01-19>
(./elsarticle.cls
Document Class: elsarticle 2024/04/04, 3.4: Elsevier Ltd
(/usr/local/texlive/2026basic/texmf-dist/tex/latex/base/fontenc.sty
Package: fontenc 2025/07/18 v2.1d Standard LaTeX package
)
(/usr/local/texlive/2026basic/texmf-dist/tex/latex/l3kernel/expl3.sty
Package: expl3 2026-01-19 L3 programming layer (loader) 

(/usr/local/texlive/2026basic/texmf-dist/tex/latex/l3backend/l3backend-pdftex.d
ef
File: l3backend-pdftex.def 2025-10-09 L3 backend support: PDF output (pdfTeX)
\l__color_backend_stack_int=\count275
))
(/usr/local/texlive/2026basic/texmf-dist/tex/latex/l3packages/xparse/xparse.sty
Package: xparse 2025-10-09 L3 Experimental document command parser
) (/Users/limeng/Library/texmf/tex/latex/etoolbox/etoolbox.sty
Package: etoolbox 2025/10/02 v2.5m e-TeX tools for LaTeX (JAW)
\etb@tempcnta=\count276
)
\@bls=\dimen148

(/usr/local/texlive/2026basic/texmf-dist/tex/latex/base/article.cls
Document Class: article 2025/01/22 v1.4n Standard LaTeX document class
(/usr/local/texlive/2026basic/texmf-dist/tex/latex/base/size12.clo
File: size12.clo 2025/01/22 v1.4n Standard LaTeX file (size option)
)
\c@part=\count277
\c@section=\count278
\c@subsection=\count279
\c@subsubsection=\count280
\c@paragraph=\count281
\c@subparagraph=\count282
\c@figure=\count283
\c@table=\count284
\abovecaptionskip=\skip49
\belowcaptionskip=\skip50
\bibindent=\dimen149
)
(/usr/local/texlive/2026basic/texmf-dist/tex/latex/graphics/graphicx.sty
Package: graphicx 2024/12/31 v1.2e Enhanced LaTeX Graphics (DPC,SPQR)

(/usr/local/texlive/2026basic/texmf-dist/tex/latex/graphics/keyval.sty
Package: keyval 2022/05/29 v1.15 key=value parser (DPC)
\KV@toks@=\toks17
)
(/usr/local/texlive/2026basic/texmf-dist/tex/latex/graphics/graphics.sty
Package: graphics 2024/08/06 v1.4g Standard LaTeX Graphics (DPC,SPQR)

(/usr/local/texlive/2026basic/texmf-dist/tex/latex/graphics/trig.sty
Package: trig 2023/12/02 v1.11 sin cos tan (DPC)
)
(/usr/local/texlive/2026basic/texmf-dist/tex/latex/graphics-cfg/graphics.cfg
File: graphics.cfg 2016/06/04 v1.11 sample graphics configuration
)
Package graphics Info: Driver file: pdftex.def on input line 106.

(/usr/local/texlive/2026basic/texmf-dist/tex/latex/graphics-def/pdftex.def
File: pdftex.def 2025/09/29 v1.2d Graphics/color driver for pdftex
))
\Gin@req@height=\dimen150
\Gin@req@width=\dimen151
)
\c@tnote=\count285
\c@fnote=\count286
\c@cnote=\count287
\c@ead=\count288
\c@author=\count289
\@eadauthor=\toks18
\c@affn=\count290
\absbox=\box53
\elsarticlehighlightsbox=\box54
\elsarticlegrabsbox=\box55
\keybox=\box56
\Columnwidth=\dimen152
\space@left=\dimen153
\els@boxa=\box57
\els@boxb=\box58
\leftMargin=\dimen154
\@enLab=\toks19
\@sep=\skip51
\@@sep=\skip52

(./main.spl)
(/usr/local/texlive/2026basic/texmf-dist/tex/latex/natbib/natbib.sty
Package: natbib 2010/09/13 8.31b (PWD, AO)
\bibhang=\skip53
\bibsep=\skip54
LaTeX Info: Redefining \cite on input line 694.
\c@NAT@ctr=\count291
)
\splwrite=\write3
\openout3 = `main.spl'.

\appnamewidth=\dimen155
)
(/usr/local/texlive/2026basic/texmf-dist/tex/latex/amsfonts/amssymb.sty
Package: amssymb 2013/01/14 v3.01 AMS font symbols

(/usr/local/texlive/2026basic/texmf-dist/tex/latex/amsfonts/amsfonts.sty
Package: amsfonts 2013/01/14 v3.01 Basic AMSFonts support
\@emptytoks=\toks20
\symAMSa=\mathgroup4
\symAMSb=\mathgroup5
LaTeX Font Info:    Redeclaring math symbol \hbar on input line 98.
LaTeX Font Info:    Overwriting math alphabet `\mathfrak' in version `bold'
(Font)                  U/euf/m/n --> U/euf/b/n on input line 106.
))
(/usr/local/texlive/2026basic/texmf-dist/tex/latex/amsmath/amsmath.sty
Package: amsmath 2025/07/09 v2.17z AMS math features
\@mathmargin=\skip55

For additional information on amsmath, use the `?' option.
(/usr/local/texlive/2026basic/texmf-dist/tex/latex/amsmath/amstext.sty
Package: amstext 2024/11/17 v2.01 AMS text

(/usr/local/texlive/2026basic/texmf-dist/tex/latex/amsmath/amsgen.sty
File: amsgen.sty 1999/11/30 v2.0 generic functions
\@emptytoks=\toks21
\ex@=\dimen156
))
(/usr/local/texlive/2026basic/texmf-dist/tex/latex/amsmath/amsbsy.sty
Package: amsbsy 1999/11/29 v1.2d Bold Symbols
\pmbraise@=\dimen157
)
(/usr/local/texlive/2026basic/texmf-dist/tex/latex/amsmath/amsopn.sty
Package: amsopn 2022/04/08 v2.04 operator names
)
\inf@bad=\count292
LaTeX Info: Redefining \frac on input line 233.
\uproot@=\count293
\leftroot@=\count294
LaTeX Info: Redefining \overline on input line 398.
LaTeX Info: Redefining \colon on input line 409.
\classnum@=\count295
\DOTSCASE@=\count296
LaTeX Info: Redefining \ldots on input line 495.
LaTeX Info: Redefining \dots on input line 498.
LaTeX Info: Redefining \cdots on input line 619.
\Mathstrutbox@=\box59
\strutbox@=\box60
LaTeX Info: Redefining \big on input line 721.
LaTeX Info: Redefining \Big on input line 722.
LaTeX Info: Redefining \bigg on input line 723.
LaTeX Info: Redefining \Bigg on input line 724.
\big@size=\dimen158
LaTeX Font Info:    Redeclaring font encoding OML on input line 742.
LaTeX Font Info:    Redeclaring font encoding OMS on input line 743.
\macc@depth=\count297
LaTeX Info: Redefining \bmod on input line 904.
LaTeX Info: Redefining \pmod on input line 909.
LaTeX Info: Redefining \smash on input line 939.
LaTeX Info: Redefining \relbar on input line 969.
LaTeX Info: Redefining \Relbar on input line 970.
\c@MaxMatrixCols=\count298
\dotsspace@=\muskip17
\c@parentequation=\count299
\dspbrk@lvl=\count300
\tag@help=\toks22
\row@=\count301
\column@=\count302
\maxfields@=\count303
\andhelp@=\toks23
\eqnshift@=\dimen159
\alignsep@=\dimen160
\tagshift@=\dimen161
\tagwidth@=\dimen162
\totwidth@=\dimen163
\lineht@=\dimen164
\@envbody=\toks24
\multlinegap=\skip56
\multlinetaggap=\skip57
\mathdisplay@stack=\toks25
LaTeX Info: Redefining \[ on input line 2950.
LaTeX Info: Redefining \] on input line 2951.
)
(/Users/limeng/Library/texmf/tex/latex/booktabs/booktabs.sty
Package: booktabs 2020/01/12 v1.61803398 Publication quality tables
\heavyrulewidth=\dimen165
\lightrulewidth=\dimen166
\cmidrulewidth=\dimen167
\belowrulesep=\dimen168
\belowbottomsep=\dimen169
\aboverulesep=\dimen170
\abovetopsep=\dimen171
\cmidrulesep=\dimen172
\cmidrulekern=\dimen173
\defaultaddspace=\dimen174
\@cmidla=\count304
\@cmidlb=\count305
\@aboverulesep=\dimen175
\@belowrulesep=\dimen176
\@thisruleclass=\count306
\@lastruleclass=\count307
\@thisrulewidth=\dimen177
)
(/usr/local/texlive/2026basic/texmf-dist/tex/latex/tools/array.sty
Package: array 2025/09/25 v2.6n Tabular extension package (FMi)
\col@sep=\dimen178
\ar@mcellbox=\box61
\extrarowheight=\dimen179
\NC@list=\toks26
\extratabsurround=\skip58
\backup@length=\skip59
\ar@cellbox=\box62
)
(/usr/local/texlive/2026basic/texmf-dist/tex/latex/tools/longtable.sty
Package: longtable 2025-10-13 v4.24 Multi-page Table package (DPC)
\LTleft=\skip60
\LTright=\skip61
\LTpre=\skip62
\LTpost=\skip63
\LTchunksize=\count308
\LTcapwidth=\dimen180
\LT@head=\box63
\LT@firsthead=\box64
\LT@foot=\box65
\LT@lastfoot=\box66
\LT@gbox=\box67
\LT@cols=\count309
\LT@rows=\count310
\c@LT@tables=\count311
\c@LT@chunks=\count312
\LT@p@ftn=\toks27
)
(/usr/local/texlive/2026basic/texmf-dist/tex/latex/tools/tabularx.sty
Package: tabularx 2023/12/11 v2.12a `tabularx' package (DPC)
\TX@col@width=\dimen181
\TX@old@table=\dimen182
\TX@old@col=\dimen183
\TX@target=\dimen184
\TX@delta=\dimen185
\TX@cols=\count313
\TX@ftn=\toks28
)
(/Users/limeng/Library/texmf/tex/latex/makecell/makecell.sty
Package: makecell 2009/08/03 V0.1e Managing of Tab Column Heads and Cells
\rotheadsize=\dimen186
\c@nlinenum=\count314
\TeXr@lab=\toks29
)
(/Users/limeng/Library/texmf/tex/latex/enumitem/enumitem.sty
Package: enumitem 2025/02/06 v3.11 Customized lists
\labelindent=\skip64
\enit@outerparindent=\dimen187
\enit@toks=\toks30
\enit@inbox=\box68
\enit@count@id=\count315
\enitdp@description=\count316
)
(/Users/limeng/Library/texmf/tex/latex/microtype/microtype.sty
Package: microtype 2026/03/01 v3.2d Micro-typographical refinements (RS)
\MT@toks=\toks31
\MT@tempbox=\box69
\MT@count=\count317
LaTeX Info: Redefining \noprotrusionifhmode on input line 1084.
LaTeX Info: Redefining \leftprotrusion on input line 1085.
\MT@prot@toks=\toks32
LaTeX Info: Redefining \rightprotrusion on input line 1104.
LaTeX Info: Redefining \textls on input line 1449.
\MT@outer@kern=\dimen188
LaTeX Info: Redefining \microtypecontext on input line 2053.
LaTeX Info: Redefining \textmicrotypecontext on input line 2070.
\MT@listname@count=\count318

(/Users/limeng/Library/texmf/tex/latex/microtype/microtype-pdftex.def
File: microtype-pdftex.def 2026/03/01 v3.2d Definitions specific to pdftex (RS)

LaTeX Info: Redefining \lsstyle on input line 944.
LaTeX Info: Redefining \lslig on input line 944.
\MT@outer@space=\skip65
)
Package microtype Info: Loading configuration file microtype.cfg.

(/Users/limeng/Library/texmf/tex/latex/microtype/microtype.cfg
File: microtype.cfg 2026/03/01 v3.2d microtype main configuration file (RS)
)
LaTeX Info: Redefining \microtypesetup on input line 3065.
)
(/Users/limeng/Library/texmf/tex/latex/xurl/xurl.sty
Package: xurl 2022/01/09 v 0.10 modify URL breaks

(/usr/local/texlive/2026basic/texmf-dist/tex/latex/url/url.sty
\Urlmuskip=\muskip18
Package: url 2013/09/16  ver 3.4  Verb mode for urls, etc.
)) (./main.aux)
\openout1 = `main.aux'.

LaTeX Font Info:    Checking defaults for OML/cmm/m/it on input line 21.
LaTeX Font Info:    ... okay on input line 21.
LaTeX Font Info:    Checking defaults for OMS/cmsy/m/n on input line 21.
LaTeX Font Info:    ... okay on input line 21.
LaTeX Font Info:    Checking defaults for OT1/cmr/m/n on input line 21.
LaTeX Font Info:    ... okay on input line 21.
LaTeX Font Info:    Checking defaults for T1/cmr/m/n on input line 21.
LaTeX Font Info:    ... okay on input line 21.
LaTeX Font Info:    Checking defaults for TS1/cmr/m/n on input line 21.
LaTeX Font Info:    ... okay on input line 21.
LaTeX Font Info:    Checking defaults for OMX/cmex/m/n on input line 21.
LaTeX Font Info:    ... okay on input line 21.
LaTeX Font Info:    Checking defaults for U/cmr/m/n on input line 21.
LaTeX Font Info:    ... okay on input line 21.

(/usr/local/texlive/2026basic/texmf-dist/tex/context/base/mkii/supp-pdf.mkii
[Loading MPS to PDF converter (version 2006.09.02).]
\scratchcounter=\count319
\scratchdimen=\dimen189
\scratchbox=\box70
\nofMPsegments=\count320
\nofMParguments=\count321
\everyMPshowfont=\toks33
\MPscratchCnt=\count322
\MPscratchDim=\dimen190
\MPnumerator=\count323
\makeMPintoPDFobject=\count324
\everyMPtoPDFconversion=\toks34
)
(/usr/local/texlive/2026basic/texmf-dist/tex/latex/epstopdf-pkg/epstopdf-base.s
ty
Package: epstopdf-base 2020-01-24 v2.11 Base part for package epstopdf
Package epstopdf-base Info: Redefining graphics rule for `.eps' on input line 4
85.
 (/Users/limeng/Library/texmf/tex/latex/latexconfig/epstopdf-sys.cfg
File: epstopdf-sys.cfg 2010/07/13 v1.3 Configuration of (r)epstopdf for TeX Liv
e
))
LaTeX Info: Redefining \microtypecontext on input line 21.
Package microtype Info: Applying patch `item' on input line 21.
Package microtype Info: Applying patch `toc' on input line 21.
Package microtype Info: Applying patch `eqnum' on input line 21.
Package microtype Info: Applying patch `footnote' on input line 21.
Package microtype Info: Applying patch `verbatim' on input line 21.
LaTeX Info: Redefining \microtypesetup on input line 21.
Package microtype Info: Generating PDF output.
Package microtype Info: Character protrusion enabled (level 2).
Package microtype Info: Using default protrusion set `alltext'.
Package microtype Info: No font expansion.
Package microtype Info: No adjustment of tracking.
Package microtype Info: No adjustment of interword spacing.
Package microtype Info: No adjustment of character kerning.

(/Users/limeng/Library/texmf/tex/latex/microtype/mt-cmr.cfg
File: mt-cmr.cfg 2013/05/19 v2.2 microtype config. file: Computer Modern Roman 
(RS)
)
LaTeX Font Info:    Trying to load font information for U+msa on input line 60.


(/usr/local/texlive/2026basic/texmf-dist/tex/latex/amsfonts/umsa.fd
File: umsa.fd 2013/01/14 v3.01 AMS symbols A
)
(/Users/limeng/Library/texmf/tex/latex/microtype/mt-msa.cfg
File: mt-msa.cfg 2006/02/04 v1.1 microtype config. file: AMS symbols (a) (RS)
)
LaTeX Font Info:    Trying to load font information for U+msb on input line 60.


(/usr/local/texlive/2026basic/texmf-dist/tex/latex/amsfonts/umsb.fd
File: umsb.fd 2013/01/14 v3.01 AMS symbols B
)
(/Users/limeng/Library/texmf/tex/latex/microtype/mt-msb.cfg
File: mt-msb.cfg 2005/06/01 v1.0 microtype config. file: AMS symbols (b) (RS)
) [1

{/Users/limeng/Library/texlive/2026basic/texmf-var/fonts/map/pdftex/updmap/pdft
ex.map}]
Package microtype Info: Loading generic protrusion settings for font family
(microtype)             `cmtt' (encoding: T1).
(microtype)             For optimal results, create family-specific settings.
(microtype)             See the microtype manual for details.

[1


] [2] [3]
Underfull \hbox (badness 2368) in paragraph at lines 109--110
\T1/cmr/m/n/12 a \T1/cmr/m/it/12 typed clas-si-fi-ca-tion \T1/cmr/m/n/12 of dom
ain-inadmissibility sub-dimensions drawn
 []

[4] [5]
Underfull \hbox (badness 2042) in paragraph at lines 136--137
[]\T1/cmr/m/n/12 Three con-tem-po-rary works are the clos-est prior. \T1/cmr/bx
/n/12 Re-ichert et
 []

[6]
Underfull \hbox (badness 5077) in paragraph at lines 144--145
 \T1/cmr/m/it/12 Closest-prior po-si-tion-ing..[] \T1/cmr/m/n/12 Re-ichert et a
l.: physics-MR ap-pli-ca-bil-ity
 []


Underfull \hbox (badness 2065) in paragraph at lines 144--145
\T1/cmr/m/n/12 ad-mis-si-bil-ity, typed domain-inadmissibility, and MR-class-to
-fault-class
 []

[7] [8]
<figures/fig_1_validity_gated_workflow.pdf, id=45, 614.295pt x 794.97pt>
File: figures/fig_1_validity_gated_workflow.pdf Graphic file (type pdf)
<use figures/fig_1_validity_gated_workflow.pdf>
Package pdftex.def Info: figures/fig_1_validity_gated_workflow.pdf  used on inp
ut line 177.
(pdftex.def)             Requested size: 331.50238pt x 429.01054pt.

Underfull \hbox (badness 1748) in paragraph at lines 185--186
\T1/cmr/m/n/12 checks, not phys-i-cal laws); (6) \T1/cmr/bx/n/12 cross-implemen
tation com-par-i-son
 []

[9] [10 <./figures/fig_1_validity_gated_workflow.pdf>]
<figures/fig_2_mr_asset_dataflow.pdf, id=68, 614.295pt x 794.97pt>
File: figures/fig_2_mr_asset_dataflow.pdf Graphic file (type pdf)
<use figures/fig_2_mr_asset_dataflow.pdf>
Package pdftex.def Info: figures/fig_2_mr_asset_dataflow.pdf  used on input lin
e 221.
(pdftex.def)             Requested size: 331.50238pt x 429.01054pt.
 [11] [12 <./figures/fig_2_mr_asset_dataflow.pdf>] [13] [14]
<figures/fig_3_verdict_2d.pdf, id=102, 777.54897pt x 298.60294pt>
File: figures/fig_3_verdict_2d.pdf Graphic file (type pdf)
<use figures/fig_3_verdict_2d.pdf>
Package pdftex.def Info: figures/fig_3_verdict_2d.pdf  used on input line 270.
(pdftex.def)             Requested size: 358.79929pt x 137.79185pt.
 [15] [16 <./figures/fig_3_verdict_2d.pdf>]
[17] [18] [19] [20]
Underfull \hbox (badness 10000) in paragraph at lines 421--422
[]|\T1/cmr/m/n/10.95 One ar-chi-tec-
 []


Underfull \hbox (badness 2173) in paragraph at lines 421--422
\T1/cmr/m/n/10.95 ture fam-ily /
 []


Underfull \hbox (badness 10000) in paragraph at lines 422--422
[]|\T1/cmr/m/n/10.95 P1 symmetric-
 []


Underfull \hbox (badness 10000) in paragraph at lines 422--422
[]|\T1/cmr/m/n/10.95 O(h), slope 0.984, CI
 []


Underfull \hbox (badness 2653) in paragraph at lines 422--423
[]|\T1/cmr/m/n/10.95 Calibrates de-
 []


Underfull \hbox (badness 5548) in paragraph at lines 422--423
\T1/cmr/m/n/10.95 a closed-form
 []


Underfull \hbox (badness 10000) in paragraph at lines 423--423
[]|\T1/cmr/m/n/10.95 Fault cat-a-
 []


Underfull \hbox (badness 10000) in paragraph at lines 423--423
[]|\T1/cmr/m/n/10.95 60-entry uni-fied
 []


Underfull \hbox (badness 10000) in paragraph at lines 423--423
[]|\T1/cmr/m/n/10.95 Precision/recall: node-
 []


Underfull \hbox (badness 10000) in paragraph at lines 423--423
\T1/cmr/m/n/10.95 permutation 1.00/1.00;
 []


Underfull \hbox (badness 10000) in paragraph at lines 423--423
\T1/cmr/m/n/10.95 con-ser-va-tion 1.00/0.81;
 []


Underfull \hbox (badness 10000) in paragraph at lines 423--424
[]|\T1/cmr/m/n/10.95 Catalogue
 []


Underfull \hbox (badness 10000) in paragraph at lines 423--424
\T1/cmr/m/n/10.95 world de-fect
 []


Underfull \hbox (badness 7186) in paragraph at lines 424--424
[]|\T1/cmr/m/n/10.95 K=6, two PDE
 []


Underfull \hbox (badness 10000) in paragraph at lines 424--424
[]|\T1/cmr/m/n/10.95 MR-C passes: Burg-ers
 []


Underfull \hbox (badness 1478) in paragraph at lines 424--424
\T1/cmr/m/n/10.95 1.007, heat 0.992; MR-B
 []


Underfull \hbox (badness 2205) in paragraph at lines 424--425
[]|\T1/cmr/m/n/10.95 Not a PINN-
 []


Underfull \hbox (badness 10000) in paragraph at lines 424--425
\T1/cmr/m/n/10.95 vs-MGN
 []


Underfull \hbox (badness 2689) in paragraph at lines 425--425
[]|\T1/cmr/m/n/10.95 FNO pri-mary
 []


Underfull \hbox (badness 10000) in paragraph at lines 425--425
\T1/cmr/m/n/10.95 work-flow up-
 []


Underfull \hbox (badness 7186) in paragraph at lines 425--425
[]|\T1/cmr/m/n/10.95 K=6, two PDE
 []


Underfull \hbox (badness 10000) in paragraph at lines 425--425
[]|\T1/cmr/m/n/10.95 24/24 trans-la-tion passes;
 []


Underfull \hbox (badness 1286) in paragraph at lines 425--425
\T1/cmr/m/n/10.95 un-der a pe-ri-odic discrete-
 []


Underfull \hbox (badness 5302) in paragraph at lines 425--426
[]|\T1/cmr/m/n/10.95 not only ad-
 []


Underfull \hbox (badness 10000) in paragraph at lines 425--426
\T1/cmr/m/n/10.95 mis-si-bil-ity
 []


Underfull \hbox (badness 10000) in paragraph at lines 425--426
\T1/cmr/m/n/10.95 side cylinder-
 []


Underfull \hbox (badness 10000) in paragraph at lines 425--426
\T1/cmr/m/n/10.95 flow and
 []


Underfull \hbox (badness 10000) in paragraph at lines 425--426
\T1/cmr/m/n/10.95 broad neural-
 []


Underfull \hbox (badness 10000) in paragraph at lines 425--426
\T1/cmr/m/n/10.95 operator
 []

[21]
Underfull \hbox (badness 1609) in paragraph at lines 445--446
[]\T1/cmr/bx/n/12 Per-mutant cross-family de-tec-tion (R1). \T1/cmr/m/n/12 Four
 mu-tants are
 []


Underfull \hbox (badness 5847) in paragraph at lines 445--446
\T1/cmr/m/n/12 boundary-condition faults (BC_zero_inflow, BC_nonzero_wall) and
 []

[22] [23]
Underfull \hbox (badness 10000) in alignment at lines 474--474
[][][][][][] 
 []

[24]
Underfull \hbox (badness 1132) in paragraph at lines 499--500
[]\T1/cmr/m/n/12 The canon-i-cal blocked list is un-changed: cross-SUT or geome
try-
 []


Underfull \hbox (badness 4819) in paragraph at lines 499--500
\T1/cmr/m/n/12 independent pass/fail rates; com-par-a-tive su-pe-ri-or-ity over
 base-lines;
 []

[25] [26]
Underfull \hbox (badness 1603) in paragraph at lines 526--527
\T1/cmr/m/n/12 and re-port against the Em-pir-i-cal Stan-dards for soft-ware en
-gi-neer-ing
 []

[27] [28] (./main.bbl [29] [30] [31]) [32] [33] [34] [35] (./main.aux)
 ***********
LaTeX2e <2025-11-01>
L3 programming layer <2026-01-19>
 ***********
 ) 
Here is how much of TeX's memory you used:
 7040 strings out of 469006
 109892 string characters out of 5454813
 584902 words of memory out of 5000000
 35649 multiletter control sequences out of 15000+600000
 647424 words of font info for 90 fonts, out of 8000000 for 9000
 319 hyphenation exceptions out of 8191
 72i,12n,79p,2153b,504s stack positions out of 10000i,1000n,20000p,200000b,200000s
 </Users/limeng/Library/texlive/2026basic/texmf-var/fonts/pk/ljfour/jknappen/
ec/ecbx0800.600pk> </Users/limeng/Library/texlive/2026basic/texmf-var/fonts/pk/
ljfour/jknappen/ec/ectt0800.450pk> </Users/limeng/Library/texlive/2026basic/tex
mf-var/fonts/pk/ljfour/jknappen/ec/ecrm0600.600pk> </Users/limeng/Library/texli
ve/2026basic/texmf-var/fonts/pk/ljfour/jknappen/ec/ecbx0600.600pk> </Users/lime
ng/Library/texlive/2026basic/texmf-var/fonts/pk/ljfour/jknappen/ec/ectt1200.600
pk> </Users/limeng/Library/texlive/2026basic/texmf-var/fonts/pk/ljfour/jknappen
/ec/ecrm1095.600pk> </Users/limeng/Library/texlive/2026basic/texmf-var/fonts/pk
/ljfour/jknappen/ec/ecbx1095.600pk> </Users/limeng/Library/texlive/2026basic/te
xmf-var/fonts/pk/ljfour/jknappen/ec/ectt1000.600pk> </Users/limeng/Library/texl
ive/2026basic/texmf-var/fonts/pk/ljfour/jknappen/ec/ecrm1000.600pk> </Users/lim
eng/Library/texlive/2026basic/texmf-var/fonts/pk/ljfour/jknappen/ec/ecti1200.60
0pk> </Users/limeng/Library/texlive/2026basic/texmf-var/fonts/pk/ljfour/jknappe
n/ec/ecti1000.600pk> </Users/limeng/Library/texlive/2026basic/texmf-var/fonts/p
k/ljfour/jknappen/ec/ecti0700.600pk> </Users/limeng/Library/texlive/2026basic/t
exmf-var/fonts/pk/ljfour/jknappen/ec/ecrm0800.600pk> </Users/limeng/Library/tex
live/2026basic/texmf-var/fonts/pk/ljfour/jknappen/ec/tcrm1200.600pk> </Users/li
meng/Library/texlive/2026basic/texmf-var/fonts/pk/ljfour/jknappen/ec/ecrm1200.6
00pk> </Users/limeng/Library/texlive/2026basic/texmf-var/fonts/pk/ljfour/jknapp
en/ec/ecbx1200.600pk> </Users/limeng/Library/texlive/2026basic/texmf-var/fonts/
pk/ljfour/jknappen/ec/ecrm1728.600pk></usr/local/texlive/2026basic/texmf-dist/f
onts/type1/public/amsfonts/cm/cmmi10.pfb></usr/local/texlive/2026basic/texmf-di
st/fonts/type1/public/amsfonts/cm/cmmi12.pfb></usr/local/texlive/2026basic/texm
f-dist/fonts/type1/public/amsfonts/cm/cmmi6.pfb></usr/local/texlive/2026basic/t
exmf-dist/fonts/type1/public/amsfonts/cm/cmmi8.pfb></usr/local/texlive/2026basi
c/texmf-dist/fonts/type1/public/amsfonts/cm/cmr10.pfb></usr/local/texlive/2026b
asic/texmf-dist/fonts/type1/public/amsfonts/cm/cmr12.pfb></usr/local/texlive/20
26basic/texmf-dist/fonts/type1/public/amsfonts/cm/cmr5.pfb></usr/local/texlive/
2026basic/texmf-dist/fonts/type1/public/amsfonts/cm/cmr6.pfb></usr/local/texliv
e/2026basic/texmf-dist/fonts/type1/public/amsfonts/cm/cmr7.pfb></usr/local/texl
ive/2026basic/texmf-dist/fonts/type1/public/amsfonts/cm/cmr8.pfb></usr/local/te
xlive/2026basic/texmf-dist/fonts/type1/public/amsfonts/cm/cmsy10.pfb></usr/loca
l/texlive/2026basic/texmf-dist/fonts/type1/public/amsfonts/cm/cmsy6.pfb></usr/l
ocal/texlive/2026basic/texmf-dist/fonts/type1/public/amsfonts/cm/cmsy7.pfb></us
r/local/texlive/2026basic/texmf-dist/fonts/type1/public/amsfonts/cm/cmsy8.pfb>
Output written on main.pdf (36 pages, 534547 bytes).
PDF statistics:
 1105 PDF objects out of 1200 (max. 8388607)
 223 compressed objects within 3 object streams
 0 named destinations out of 1000 (max. 500000)
 12816 words of extra memory for PDF output out of 14400 (max. 10000000)

